<?xml version="1.0" encoding="UTF-8"?>
<!-- Generated by org.testng.reporters.JUnitReportReporter -->
<testsuite hostname="DESKTOP-7NMSRQD" failures="0" tests="2" name="tests.LoginTests" time="9.613" errors="0" timestamp="2025-06-16T20:10:13 IST" skipped="0">
  <testcase classname="tests.LoginTests" name="validLogin" time="5.547"/>
  <testcase classname="tests.LoginTests" name="invalidLogin" time="4.066"/>
</testsuite> <!-- tests.LoginTests -->
