<?xml version="1.0" encoding="UTF-8"?>
<!-- Generated by org.testng.reporters.JUnitReportReporter -->
<testsuite hostname="DESKTOP-7NMSRQD" failures="0" tests="8" name="tests.LoginTests" time="261.692" errors="0" timestamp="2025-06-29T23:35:44 IST" skipped="0">
  <testcase classname="tests.LoginTests" name="validLogin" time="26.407"/>
  <testcase classname="tests.LoginTests" name="validLogin" time="172.958"/>
  <testcase classname="tests.LoginTests" name="validLogin" time="13.567"/>
  <testcase classname="tests.LoginTests" name="validLogin" time="27.034"/>
  <testcase classname="tests.LoginTests" name="invalidLogin" time="4.799"/>
  <testcase classname="tests.LoginTests" name="invalidLogin" time="5.022"/>
  <testcase classname="tests.LoginTests" name="invalidLogin" time="5.546"/>
  <testcase classname="tests.LoginTests" name="invalidLogin" time="6.359"/>
</testsuite> <!-- tests.LoginTests -->
