<?xml version="1.0" encoding="UTF-8"?>
<!-- Generated by org.testng.reporters.JUnitReportReporter -->
<testsuite hostname="DESKTOP-7NMSRQD" failures="0" tests="2" name="tests.LoginTests" time="16.335" errors="0" timestamp="2025-06-16T18:07:13 IST" skipped="0">
  <testcase classname="tests.LoginTests" name="validLogin" time="5.153"/>
  <testcase classname="tests.LoginTests" name="invalidLogin" time="11.182"/>
</testsuite> <!-- tests.LoginTests -->
