<?xml version="1.0" encoding="UTF-8"?>
<!-- Generated by org.testng.reporters.JUnitReportReporter -->
<testsuite hostname="DESKTOP-7NMSRQD" failures="0" tests="2" name="tests.LoginTests" time="13.524" errors="0" timestamp="2025-06-17T13:46:55 IST" skipped="0">
  <testcase classname="tests.LoginTests" name="validLogin" time="7.764"/>
  <testcase classname="tests.LoginTests" name="invalidLogin" time="5.760"/>
</testsuite> <!-- tests.LoginTests -->
