<?xml version="1.0" encoding="UTF-8"?>
<!-- Generated by org.testng.reporters.JUnitReportReporter -->
<testsuite hostname="DESKTOP-7NMSRQD" failures="0" tests="6" name="tests.LoginTests" time="26.007" errors="0" timestamp="2025-06-17T18:21:07 IST" skipped="0">
  <testcase classname="tests.LoginTests" name="validLogin" time="4.684"/>
  <testcase classname="tests.LoginTests" name="validLogin" time="4.863"/>
  <testcase classname="tests.LoginTests" name="validLogin" time="4.039"/>
  <testcase classname="tests.LoginTests" name="validLogin" time="4.295"/>
  <testcase classname="tests.LoginTests" name="validLogin" time="3.789"/>
  <testcase classname="tests.LoginTests" name="invalidLogin" time="4.337"/>
</testsuite> <!-- tests.LoginTests -->
