<?xml version="1.0" encoding="UTF-8"?>
<!-- Generated by org.testng.reporters.JUnitReportReporter -->
<testsuite hostname="DESKTOP-7NMSRQD" failures="0" tests="8" name="tests.LoginTests" time="123.980" errors="0" timestamp="2025-06-30T17:40:19 IST" skipped="0">
  <testcase classname="tests.LoginTests" name="validLogin" time="36.357"/>
  <testcase classname="tests.LoginTests" name="validLogin" time="6.026"/>
  <testcase classname="tests.LoginTests" name="validLogin" time="7.206"/>
  <testcase classname="tests.LoginTests" name="validLogin" time="49.847"/>
  <testcase classname="tests.LoginTests" name="invalidLogin" time="5.743"/>
  <testcase classname="tests.LoginTests" name="invalidLogin" time="6.317"/>
  <testcase classname="tests.LoginTests" name="invalidLogin" time="6.086"/>
  <testcase classname="tests.LoginTests" name="invalidLogin" time="6.398"/>
</testsuite> <!-- tests.LoginTests -->
