<?xml version="1.0" encoding="UTF-8"?>
<!-- Generated by org.testng.reporters.JUnitReportReporter -->
<testsuite hostname="DESKTOP-7NMSRQD" failures="0" tests="8" name="tests.LoginTests" time="55.574" errors="0" timestamp="2025-06-29T22:21:21 IST" skipped="0">
  <testcase classname="tests.LoginTests" name="validLogin" time="6.987"/>
  <testcase classname="tests.LoginTests" name="validLogin" time="4.155"/>
  <testcase classname="tests.LoginTests" name="validLogin" time="9.954"/>
  <testcase classname="tests.LoginTests" name="validLogin" time="5.819"/>
  <testcase classname="tests.LoginTests" name="invalidLogin" time="9.023"/>
  <testcase classname="tests.LoginTests" name="invalidLogin" time="3.851"/>
  <testcase classname="tests.LoginTests" name="invalidLogin" time="5.119"/>
  <testcase classname="tests.LoginTests" name="invalidLogin" time="10.666"/>
</testsuite> <!-- tests.LoginTests -->
