<?xml version="1.0" encoding="UTF-8"?>
<!-- Generated by org.testng.reporters.JUnitReportReporter -->
<testsuite hostname="DESKTOP-7NMSRQD" failures="0" tests="1" name="tests.searchProduct" time="18.365" errors="0" timestamp="2025-06-29T21:58:56 IST" skipped="0">
  <testcase classname="tests.searchProduct" name="accessDashboard" time="18.365"/>
</testsuite> <!-- tests.searchProduct -->
