<?xml version="1.0" encoding="UTF-8"?>
<!-- Generated by org.testng.reporters.JUnitReportReporter -->
<testsuite hostname="DESKTOP-7NMSRQD" failures="0" tests="1" name="tests.searchProduct" time="12.793" errors="0" timestamp="2025-06-29T22:21:21 IST" skipped="0">
  <testcase classname="tests.searchProduct" name="accessDashboard" time="12.793"/>
</testsuite> <!-- tests.searchProduct -->
