<?xml version="1.0" encoding="UTF-8"?>
<!-- Generated by org.testng.reporters.JUnitReportReporter -->
<testsuite hostname="DESKTOP-7NMSRQD" failures="0" tests="2" name="tests.LoginTests" time="10.667" errors="0" timestamp="2025-06-17T10:06:49 IST" skipped="0">
  <testcase classname="tests.LoginTests" name="validLogin" time="5.854"/>
  <testcase classname="tests.LoginTests" name="invalidLogin" time="4.813"/>
</testsuite> <!-- tests.LoginTests -->
