<?xml version="1.0" encoding="UTF-8"?>
<!-- Generated by org.testng.reporters.JUnitReportReporter -->
<testsuite hostname="DESKTOP-7NMSRQD" failures="0" tests="8" name="tests.LoginTests" time="93.840" errors="0" timestamp="2025-06-30T18:07:51 IST" skipped="0">
  <testcase classname="tests.LoginTests" name="validLogin" time="26.423"/>
  <testcase classname="tests.LoginTests" name="validLogin" time="13.873"/>
  <testcase classname="tests.LoginTests" name="validLogin" time="16.593"/>
  <testcase classname="tests.LoginTests" name="validLogin" time="5.326"/>
  <testcase classname="tests.LoginTests" name="invalidLogin" time="7.603"/>
  <testcase classname="tests.LoginTests" name="invalidLogin" time="10.000"/>
  <testcase classname="tests.LoginTests" name="invalidLogin" time="6.875"/>
  <testcase classname="tests.LoginTests" name="invalidLogin" time="7.147"/>
</testsuite> <!-- tests.LoginTests -->
