<?xml version="1.0" encoding="UTF-8"?>
<!-- Generated by org.testng.reporters.JUnitReportReporter -->
<testsuite hostname="DESKTOP-7NMSRQD" failures="0" tests="2" name="tests.LoginTests" time="13.662" errors="0" timestamp="2025-06-16T15:20:54 IST" skipped="0">
  <testcase classname="tests.LoginTests" name="validLogin" time="7.786"/>
  <testcase classname="tests.LoginTests" name="invalidLogin" time="5.876"/>
</testsuite> <!-- tests.LoginTests -->
